<?xml version="1.0" encoding="UTF-8"?>
<!-- Generated by org.testng.reporters.JUnitReportReporter -->
<testsuite hostname="DESKTOP-PGL0QVV" failures="0" tests="1" name="ParaBank_Testcases.PB_TC_002_Login" time="6.263" errors="0" timestamp="2024-07-09T20:13:08 IST" skipped="0">
  <testcase classname="ParaBank_Testcases.PB_TC_002_Login" name="Logintest" time="6.263"/>
</testsuite> <!-- ParaBank_Testcases.PB_TC_002_Login -->
