<?xml version="1.0" encoding="UTF-8"?>
<!-- Generated by org.testng.reporters.JUnitReportReporter -->
<testsuite hostname="DESKTOP-PGL0QVV" failures="0" tests="1" name="ParaBank_Testcases.PB_TC_Register_001" time="5.072" errors="0" timestamp="2024-07-09T18:49:07 IST" skipped="0">
  <testcase classname="ParaBank_Testcases.PB_TC_Register_001" name="Registertest" time="5.072"/>
</testsuite> <!-- ParaBank_Testcases.PB_TC_Register_001 -->
