<?xml version="1.0" encoding="UTF-8"?>
<!-- Generated by org.testng.reporters.JUnitReportReporter -->
<testsuite hostname="DESKTOP-PGL0QVV" failures="0" tests="3" name="ParaBank_Testcases.PB_TC_002_LoginTest_DataDriven" time="5.543" errors="0" timestamp="2024-07-16T19:18:48 IST" skipped="0">
  <testcase classname="ParaBank_Testcases.PB_TC_002_LoginTest_DataDriven" name="loginTest" time="3.141"/>
  <testcase classname="ParaBank_Testcases.PB_TC_002_LoginTest_DataDriven" name="loginTest" time="0.950"/>
  <testcase classname="ParaBank_Testcases.PB_TC_002_LoginTest_DataDriven" name="loginTest" time="1.452"/>
</testsuite> <!-- ParaBank_Testcases.PB_TC_002_LoginTest_DataDriven -->
